/bin/sh: BASH_FUNC_module(): line 0: syntax error near unexpected token `)'
/bin/sh: BASH_FUNC_module(): line 0: `BASH_FUNC_module() () {  eval `/usr/bin/modulecmd bash $*`'
/bin/sh: error importing function definition for `BASH_FUNC_module'
 ehoh
 echo
 ehoh
 echo
 ehoh
 echo
 ehoh
 echo
 coucou
 coucou
 coucou
 coucou
 test
 retest
 test
 retest
 test
 retest
[noeud018:01649] *** Process received signal ***
[noeud018:01649] Signal: Bus error (7)
[noeud018:01649] Signal code:  (128)
[noeud018:01649] Failing at address: (nil)
[noeud018:01649] [ 0] /lib64/libpthread.so.0 [0x2ab2e5c5cb10]
[noeud018:01649] [ 1] /opt/openmpi/1.4.3-icc/lib/libopen-pal.so.0(opal_memory_ptmalloc2_int_malloc+0x802) [0x2ab2e516de82]
[noeud018:01649] [ 2] /opt/openmpi/1.4.3-icc/lib/libopen-pal.so.0 [0x2ab2e516c785]
[noeud018:01649] [ 3] burger(for__get_vm+0x23) [0x41b053]
[noeud018:01649] [ 4] burger(for__acquire_lun+0x5df) [0x410f3f]
[noeud018:01649] [ 5] burger(for_open+0x4c0) [0x413e30]
[noeud018:01649] [ 6] burger(MAIN__+0x81a) [0x40801a]
[noeud018:01649] [ 7] burger(main+0x3c) [0x4077ec]
[noeud018:01649] [ 8] /lib64/libc.so.6(__libc_start_main+0xf4) [0x2ab2e5e86994]
[noeud018:01649] [ 9] burger [0x4076f9]
[noeud018:01649] *** End of error message ***
--------------------------------------------------------------------------
mpirun noticed that process rank 0 with PID 1649 on node noeud018 exited on signal 7 (Bus error).
--------------------------------------------------------------------------
