/bin/sh: BASH_FUNC_module(): line 0: syntax error near unexpected token `)'
/bin/sh: BASH_FUNC_module(): line 0: `BASH_FUNC_module() () {  eval `/usr/bin/modulecmd bash $*`'
/bin/sh: error importing function definition for `BASH_FUNC_module'
 ehoh
 ehoh
 echo
 ehoh
 echo
 ehoh
 echo
 echo
 coucou
 test
 coucou
 coucou
 test
 coucou
 test
[noeud018:01534] *** Process received signal ***
[noeud018:01534] Signal: Bus error (7)
[noeud018:01534] Signal code:  (128)
[noeud018:01534] Failing at address: (nil)
[noeud018:01534] [ 0] /lib64/libpthread.so.0 [0x2ac555a80b10]
[noeud018:01534] [ 1] /opt/openmpi/1.4.3-icc/lib/libopen-pal.so.0(opal_memory_ptmalloc2_int_malloc+0x802) [0x2ac554f91e82]
[noeud018:01534] [ 2] /opt/openmpi/1.4.3-icc/lib/libopen-pal.so.0 [0x2ac554f90785]
[noeud018:01534] [ 3] burger(for__get_vm+0x23) [0x41b0f3]
[noeud018:01534] [ 4] burger(for__acquire_lun+0x5df) [0x410fdf]
[noeud018:01534] [ 5] burger(for_open+0x4c0) [0x413ed0]
[noeud018:01534] [ 6] burger(MAIN__+0x81a) [0x40807a]
[noeud018:01534] [ 7] burger(main+0x3c) [0x40784c]
[noeud018:01534] [ 8] /lib64/libc.so.6(__libc_start_main+0xf4) [0x2ac555caa994]
[noeud018:01534] [ 9] burger [0x407759]
[noeud018:01534] *** End of error message ***
--------------------------------------------------------------------------
mpirun noticed that process rank 0 with PID 1534 on node noeud018 exited on signal 7 (Bus error).
--------------------------------------------------------------------------
