/bin/sh: BASH_FUNC_module(): line 0: syntax error near unexpected token `)'
/bin/sh: BASH_FUNC_module(): line 0: `BASH_FUNC_module() () {  eval `/usr/bin/modulecmd bash $*`'
/bin/sh: error importing function definition for `BASH_FUNC_module'
 ehoh
 ehoh
 ehoh
 ehoh
 echo
 echo
 echo
 echo
 coucou
 test
 coucou
 coucou
 test
 coucou
 test
[noeud018:01281] *** Process received signal ***
[noeud018:01283] *** Process received signal ***
[noeud018:01283] Signal: Bus error (7)
[noeud018:01283] Signal code:  (128)
[noeud018:01283] Failing at address: (nil)
[noeud018:01281] Signal: Bus error (7)
[noeud018:01281] Signal code:  (128)
[noeud018:01281] Failing at address: (nil)
[noeud018:01282] *** Process received signal ***
[noeud018:01282] Signal: Bus error (7)
[noeud018:01282] Signal code:  (128)
[noeud018:01282] Failing at address: (nil)
[noeud018:01283] [ 0] /lib64/libpthread.so.0 [0x2b53fe0d0b10]
[noeud018:01283] [ 1] /opt/openmpi/1.4.3-icc/lib/libopen-pal.so.0(opal_memory_ptmalloc2_int_malloc+0x802) [0x2b53fd5e1e82]
[noeud018:01283] [ 2] /opt/openmpi/1.4.3-icc/lib/libopen-pal.so.0 [0x2b53fd5e0785]
[noeud018:01283] [ 3] burger(for__get_vm+0x23) [0x41bc53]
[noeud018:01283] [ 4] burger(for__acquire_lun+0x5df) [0x411b3f]
[noeud018:01283] [ 5] burger(for_write_seq_fmt+0x88) [0x423bf8]
[noeud018:01283] [ 6] burger(MAIN__+0x8cb) [0x40812b]
[noeud018:01283] [ 7] burger(main+0x3c) [0x40784c]
[noeud018:01283] [ 8] /lib64/libc.so.6(__libc_start_main+0xf4) [0x2b53fe2fa994]
[noeud018:01283] [ 9] burger [0x407759]
[noeud018:01283] *** End of error message ***
[noeud018:01281] [ 0] /lib64/libpthread.so.0 [0x2b76cbef2b10]
[noeud018:01281] [ 1] /opt/openmpi/1.4.3-icc/lib/libopen-pal.so.0(opal_memory_ptmalloc2_int_malloc+0x802) [0x2b76cb403e82]
[noeud018:01281] [ 2] /opt/openmpi/1.4.3-icc/lib/libopen-pal.so.0 [0x2b76cb402785]
[noeud018:01281] [ 3] burger(for__get_vm+0x23) [0x41bc53]
[noeud018:01281] [ 4] burger(for__acquire_lun+0x5df) [0x411b3f]
[noeud018:01281] [ 5] burger(for_open+0x4c0) [0x414a30]
[noeud018:01281] [ 6] burger(MAIN__+0x826) [0x408086]
[noeud018:01281] [ 7] burger(main+0x3c) [0x40784c]
[noeud018:01281] [ 8] /lib64/libc.so.6(__libc_start_main+0xf4) [0x2b76cc11c994]
[noeud018:01281] [ 9] burger [0x407759]
[noeud018:01281] *** End of error message ***
[noeud018:01282] [ 0] /lib64/libpthread.so.0 [0x2ae73233cb10]
[noeud018:01282] [ 1] /opt/openmpi/1.4.3-icc/lib/libopen-pal.so.0(opal_memory_ptmalloc2_int_malloc+0x802) [0x2ae73184de82]
[noeud018:01282] [ 2] /opt/openmpi/1.4.3-icc/lib/libopen-pal.so.0 [0x2ae73184c785]
[noeud018:01282] [ 3] burger(for__get_vm+0x23) [0x41bc53]
[noeud018:01282] [ 4] burger(for__acquire_lun+0x5df) [0x411b3f]
[noeud018:01282] [ 5] burger(for_write_seq_fmt+0x88) [0x423bf8]
[noeud018:01282] [ 6] burger(MAIN__+0x8cb) [0x40812b]
[noeud018:01282] [ 7] burger(main+0x3c) [0x40784c]
[noeud018:01282] [ 8] /lib64/libc.so.6(__libc_start_main+0xf4) [0x2ae732566994]
[noeud018:01282] [ 9] burger [0x407759]
[noeud018:01282] *** End of error message ***
--------------------------------------------------------------------------
mpirun noticed that process rank 2 with PID 1283 on node noeud018 exited on signal 7 (Bus error).
--------------------------------------------------------------------------
