/bin/sh: BASH_FUNC_module(): line 0: syntax error near unexpected token `)'
/bin/sh: BASH_FUNC_module(): line 0: `BASH_FUNC_module() () {  eval `/usr/bin/modulecmd bash $*`'
/bin/sh: error importing function definition for `BASH_FUNC_module'
[noeud018:03165] *** Process received signal ***
[noeud018:03165] Signal: Bus error (7)
[noeud018:03165] Signal code:  (128)
[noeud018:03165] Failing at address: (nil)
[noeud018:03165] [ 0] /lib64/libpthread.so.0 [0x2b49721c4b10]
[noeud018:03165] [ 1] /opt/openmpi/1.4.3-icc/lib/libopen-pal.so.0(opal_memory_ptmalloc2_int_malloc+0x802) [0x2b49716d5e82]
[noeud018:03165] [ 2] /opt/openmpi/1.4.3-icc/lib/libopen-pal.so.0 [0x2b49716d4785]
[noeud018:03165] [ 3] burger(for__get_vm+0x23) [0x41b053]
[noeud018:03165] [ 4] burger(for__acquire_lun+0x5df) [0x410f3f]
[noeud018:03165] [ 5] burger(for_open+0x4c0) [0x413e30]
[noeud018:03165] [ 6] burger(MAIN__+0x700) [0x407f60]
[noeud018:03165] [ 7] burger(main+0x3c) [0x40784c]
[noeud018:03165] [ 8] /lib64/libc.so.6(__libc_start_main+0xf4) [0x2b49723ee994]
[noeud018:03165] [ 9] burger [0x407759]
[noeud018:03165] *** End of error message ***
--------------------------------------------------------------------------
mpirun noticed that process rank 0 with PID 3165 on node noeud018 exited on signal 7 (Bus error).
--------------------------------------------------------------------------
