/bin/sh: BASH_FUNC_module(): line 0: syntax error near unexpected token `)'
/bin/sh: BASH_FUNC_module(): line 0: `BASH_FUNC_module() () {  eval `/usr/bin/modulecmd bash $*`'
/bin/sh: error importing function definition for `BASH_FUNC_module'
 ehoh
 ehoh
 ehoh
[noeud018:02761] *** Process received signal ***
[noeud018:02761] Signal: Bus error (7)
[noeud018:02761] Signal code:  (128)
[noeud018:02761] Failing at address: (nil)
 retest
 Alm           1
 retest
 Alm           2
 ehoh
 retest
 Alm           3
[noeud018:02761] [ 0] /lib64/libpthread.so.0 [0x2aed65cf0b10]
[noeud018:02761] [ 1] /opt/openmpi/1.4.3-icc/lib/libopen-pal.so.0(opal_memory_ptmalloc2_int_malloc+0x802) [0x2aed65201e82]
[noeud018:02761] [ 2] /opt/openmpi/1.4.3-icc/lib/libopen-pal.so.0 [0x2aed65200785]
[noeud018:02761] [ 3] burger(for__get_vm+0x23) [0x41b0d3]
[noeud018:02761] [ 4] burger(for__acquire_lun+0x5df) [0x410fbf]
[noeud018:02761] [ 5] burger(for_open+0x4c0) [0x413eb0]
[noeud018:02761] [ 6] burger(MAIN__+0x773) [0x407fd3]
[noeud018:02761] [ 7] burger(main+0x3c) [0x40784c]
[noeud018:02761] [ 8] /lib64/libc.so.6(__libc_start_main+0xf4) [0x2aed65f1a994]
[noeud018:02761] [ 9] burger [0x407759]
[noeud018:02761] *** End of error message ***
--------------------------------------------------------------------------
mpirun noticed that process rank 0 with PID 2761 on node noeud018 exited on signal 7 (Bus error).
--------------------------------------------------------------------------
