/bin/sh: BASH_FUNC_module(): line 0: syntax error near unexpected token `)'
/bin/sh: BASH_FUNC_module(): line 0: `BASH_FUNC_module() () {  eval `/usr/bin/modulecmd bash $*`'
/bin/sh: error importing function definition for `BASH_FUNC_module'
[noeud018:00895] *** Process received signal ***
[noeud018:00895] Signal: Bus error (7)
[noeud018:00895] Signal code:  (128)
[noeud018:00895] Failing at address: (nil)
[noeud018:00895] [ 0] /lib64/libpthread.so.0 [0x2b3f32c4cb10]
[noeud018:00895] [ 1] /opt/openmpi/1.4.3-icc/lib/libopen-pal.so.0(opal_memory_ptmalloc2_int_malloc+0x802) [0x2b3f3215de82]
[noeud018:00895] [ 2] /opt/openmpi/1.4.3-icc/lib/libopen-pal.so.0 [0x2b3f3215c785]
[noeud018:00895] [ 3] /lib64/libc.so.6(ttyname+0x125) [0x2b3f32f20635]
[noeud018:00895] [ 4] burger(for__open_proc+0x283c) [0x43a66c]
[noeud018:00895] [ 5] burger(for__open_default+0x2be) [0x41965e]
[noeud018:00895] [ 6] burger(for_write_seq_lis+0x1d85) [0x42bb85]
[noeud018:00895] [ 7] burger(MAIN__+0x43d) [0x407d3d]
[noeud018:00895] [ 8] burger(main+0x3c) [0x4078ec]
[noeud018:00895] [ 9] /lib64/libc.so.6(__libc_start_main+0xf4) [0x2b3f32e76994]
[noeud018:00895] [10] burger [0x4077f9]
[noeud018:00895] *** End of error message ***
 echo
 echo
 echo
--------------------------------------------------------------------------
mpirun noticed that process rank 0 with PID 895 on node noeud018 exited on signal 7 (Bus error).
--------------------------------------------------------------------------
