/bin/sh: BASH_FUNC_module(): line 0: syntax error near unexpected token `)'
/bin/sh: BASH_FUNC_module(): line 0: `BASH_FUNC_module() () {  eval `/usr/bin/modulecmd bash $*`'
/bin/sh: error importing function definition for `BASH_FUNC_module'
 ici
 ici
 ici
 ici
 la
 la
 la
 la
 coucou
 coucou
 coucou
 coucou
[noeud018:00754] *** Process received signal ***
[noeud018:00754] Signal: Bus error (7)
[noeud018:00754] Signal code:  (128)
[noeud018:00754] Failing at address: (nil)
[noeud018:00754] [ 0] /lib64/libpthread.so.0 [0x2b7ecb6cfb10]
[noeud018:00754] [ 1] /opt/openmpi/1.4.3-icc/lib/libopen-pal.so.0(opal_memory_ptmalloc2_int_malloc+0x802) [0x2b7ecabe0e82]
[noeud018:00754] [ 2] /opt/openmpi/1.4.3-icc/lib/libopen-pal.so.0 [0x2b7ecabdf785]
[noeud018:00754] [ 3] burger(for__get_vm+0x23) [0x41dc63]
[noeud018:00754] [ 4] burger(for__acquire_lun+0x5df) [0x411b5f]
[noeud018:00754] [ 5] burger(for_open+0x4c0) [0x414a50]
[noeud018:00754] [ 6] burger(MAIN__+0x813) [0x408113]
[noeud018:00754] [ 7] burger(main+0x3c) [0x4078ec]
[noeud018:00754] [ 8] /lib64/libc.so.6(__libc_start_main+0xf4) [0x2b7ecb8f9994]
[noeud018:00754] [ 9] burger [0x4077f9]
[noeud018:00754] *** End of error message ***
--------------------------------------------------------------------------
mpirun noticed that process rank 0 with PID 754 on node noeud018 exited on signal 7 (Bus error).
--------------------------------------------------------------------------
