/bin/sh: BASH_FUNC_module(): line 0: syntax error near unexpected token `)'
/bin/sh: BASH_FUNC_module(): line 0: `BASH_FUNC_module() () {  eval `/usr/bin/modulecmd bash $*`'
/bin/sh: error importing function definition for `BASH_FUNC_module'
 retest
 Alm           1
[noeud018:02945] *** Process received signal ***
[noeud018:02945] Signal: Bus error (7)
[noeud018:02945] Signal code:  (128)
[noeud018:02945] Failing at address: (nil)
[noeud018:02945] [ 0] /lib64/libpthread.so.0 [0x2afd5c3b3b10]
[noeud018:02945] [ 1] /opt/openmpi/1.4.3-icc/lib/libopen-pal.so.0(opal_memory_ptmalloc2_int_malloc+0x802) [0x2afd5b8c4e82]
[noeud018:02945] [ 2] /opt/openmpi/1.4.3-icc/lib/libopen-pal.so.0 [0x2afd5b8c3785]
[noeud018:02945] [ 3] burger(for__get_vm+0x23) [0x41b053]
[noeud018:02945] [ 4] burger(for__open_proc+0x58e) [0x43578e]
[noeud018:02945] [ 5] burger(for__open_default+0x2be) [0x418a1e]
[noeud018:02945] [ 6] burger(for_write_seq_lis+0x1d85) [0x428f55]
[noeud018:02945] [ 7] burger(MAIN__+0x748) [0x407fa8]
[noeud018:02945] [ 8] burger(main+0x3c) [0x40784c]
[noeud018:02945] [ 9] /lib64/libc.so.6(__libc_start_main+0xf4) [0x2afd5c5dd994]
[noeud018:02945] [10] burger [0x407759]
[noeud018:02945] *** End of error message ***
--------------------------------------------------------------------------
mpirun noticed that process rank 0 with PID 2945 on node noeud018 exited on signal 7 (Bus error).
--------------------------------------------------------------------------
