/bin/sh: BASH_FUNC_module(): line 0: syntax error near unexpected token `)'
/bin/sh: BASH_FUNC_module(): line 0: `BASH_FUNC_module() () {  eval `/usr/bin/modulecmd bash $*`'
/bin/sh: error importing function definition for `BASH_FUNC_module'
 ehoh
 echo
 ehoh
 echo
 ehoh
 echo
 ehoh
 echo
 coucou
 coucou
 test
 retest
 coucou
 test
 retest
 coucou
 test
 retest
[noeud018:01459] *** Process received signal ***
[noeud018:01459] Signal: Bus error (7)
[noeud018:01459] Signal code:  (128)
[noeud018:01459] Failing at address: (nil)
[noeud018:01459] [ 0] /lib64/libpthread.so.0 [0x2b37651e5b10]
[noeud018:01459] [ 1] /opt/openmpi/1.4.3-icc/lib/libopen-pal.so.0(opal_memory_ptmalloc2_int_malloc+0x802) [0x2b37646f6e82]
[noeud018:01459] [ 2] /opt/openmpi/1.4.3-icc/lib/libopen-pal.so.0 [0x2b37646f5785]
[noeud018:01459] [ 3] burger(for__get_vm+0x23) [0x41b103]
[noeud018:01459] [ 4] burger(for__acquire_lun+0x5df) [0x410fef]
[noeud018:01459] [ 5] burger(for_open+0x4c0) [0x413ee0]
[noeud018:01459] [ 6] burger(MAIN__+0x81a) [0x40807a]
[noeud018:01459] [ 7] burger(main+0x3c) [0x40784c]
[noeud018:01459] [ 8] /lib64/libc.so.6(__libc_start_main+0xf4) [0x2b376540f994]
[noeud018:01459] [ 9] burger [0x407759]
[noeud018:01459] *** End of error message ***
--------------------------------------------------------------------------
mpirun noticed that process rank 0 with PID 1459 on node noeud018 exited on signal 7 (Bus error).
--------------------------------------------------------------------------
