/bin/sh: BASH_FUNC_module(): line 0: syntax error near unexpected token `)'
/bin/sh: BASH_FUNC_module(): line 0: `BASH_FUNC_module() () {  eval `/usr/bin/modulecmd bash $*`'
/bin/sh: error importing function definition for `BASH_FUNC_module'
[noeud018:03332] *** Process received signal ***
[noeud018:03332] Signal: Bus error (7)
[noeud018:03332] Signal code:  (128)
[noeud018:03332] Failing at address: (nil)
[noeud018:03333] *** Process received signal ***
[noeud018:03333] Signal: Bus error (7)
[noeud018:03333] Signal code:  (128)
[noeud018:03333] Failing at address: (nil)
[noeud018:03332] [ 0] /lib64/libpthread.so.0 [0x2aed6477eb10]
[noeud018:03333] [ 0] /lib64/libpthread.so.0 [0x2b1b3762bb10]
[noeud018:03333] [ 1] /opt/openmpi/1.4.3-icc/lib/libopen-pal.so.0(opal_memory_ptmalloc2_int_malloc+0x802) [0x2b1b36b3ce82]
[noeud018:03333] [ 2] /opt/openmpi/1.4.3-icc/lib/libopen-pal.so.0 [0x2b1b36b3b785]
[noeud018:03333] [ 3] /lib64/libc.so.6(ttyname+0x125) [0x2b1b378ff635]
[noeud018:03333] [ 4] burger(for__open_proc+0x283c) [0x437a3c]
[noeud018:03333] [ 5] burger(for__open_default+0x2be) [0x418a1e]
[noeud018:03333] [ 6] burger(for_write_seq_lis+0x1d85) [0x428f55]
[noeud018:03333] [ 7] burger(MAIN__+0x748) [0x407fa8]
[noeud018:03333] [ 8] burger(main+0x3c) [0x40784c]
[noeud018:03333] [ 9] /lib64/libc.so.6(__libc_start_main+0xf4) [0x2b1b37855994]
[noeud018:03333] [10] burger [0x407759]
[noeud018:03333] *** End of error message ***
[noeud018:03332] [ 1] /opt/openmpi/1.4.3-icc/lib/libopen-pal.so.0(opal_memory_ptmalloc2_int_malloc+0x802) [0x2aed63c8fe82]
[noeud018:03332] [ 2] /opt/openmpi/1.4.3-icc/lib/libopen-pal.so.0 [0x2aed63c8e785]
[noeud018:03332] [ 3] burger(for__get_vm+0x23) [0x41b053]
[noeud018:03332] [ 4] burger(for__acquire_lun+0x5df) [0x410f3f]
[noeud018:03332] [ 5] burger(for_open+0x4c0) [0x413e30]
[noeud018:03332] [ 6] burger(MAIN__+0x700) [0x407f60]
[noeud018:03332] [ 7] burger(main+0x3c) [0x40784c]
[noeud018:03332] [ 8] /lib64/libc.so.6(__libc_start_main+0xf4) [0x2aed649a8994]
[noeud018:03332] [ 9] burger [0x407759]
 retest
[noeud018:03332] *** End of error message ***
--------------------------------------------------------------------------
mpirun noticed that process rank 1 with PID 3333 on node noeud018 exited on signal 7 (Bus error).
--------------------------------------------------------------------------
 Alm           2
