/bin/sh: BASH_FUNC_module(): line 0: syntax error near unexpected token `)'
/bin/sh: BASH_FUNC_module(): line 0: `BASH_FUNC_module() () {  eval `/usr/bin/modulecmd bash $*`'
/bin/sh: error importing function definition for `BASH_FUNC_module'
 ehoh
 ehoh
 ehoh
 ehoh
 echo
 echo
 echo
 echo
 coucou
 coucou
 coucou
 coucou
 test
 retest
 Almost finished
 test
 retest
 Almost finished
 test
 retest
 Almost finished
[noeud018:02322] *** Process received signal ***
[noeud018:02322] Signal: Bus error (7)
[noeud018:02322] Signal code:  (128)
[noeud018:02322] Failing at address: (nil)
[noeud018:02322] [ 0] /lib64/libpthread.so.0 [0x2ac3d9440b10]
[noeud018:02322] [ 1] /opt/openmpi/1.4.3-icc/lib/libopen-pal.so.0(opal_memory_ptmalloc2_int_malloc+0x802) [0x2ac3d8951e82]
[noeud018:02322] [ 2] /opt/openmpi/1.4.3-icc/lib/libopen-pal.so.0 [0x2ac3d8950785]
[noeud018:02322] [ 3] burger(for__get_vm+0x23) [0x41b0e3]
[noeud018:02322] [ 4] burger(for__acquire_lun+0x5df) [0x410fcf]
[noeud018:02322] [ 5] burger(for_open+0x4c0) [0x413ec0]
[noeud018:02322] [ 6] burger(MAIN__+0x81a) [0x40801a]
[noeud018:02322] [ 7] burger(main+0x3c) [0x4077ec]
[noeud018:02322] [ 8] /lib64/libc.so.6(__libc_start_main+0xf4) [0x2ac3d966a994]
[noeud018:02322] [ 9] burger [0x4076f9]
[noeud018:02322] *** End of error message ***
--------------------------------------------------------------------------
mpirun noticed that process rank 0 with PID 2322 on node noeud018 exited on signal 7 (Bus error).
--------------------------------------------------------------------------
