/bin/sh: BASH_FUNC_module(): line 0: syntax error near unexpected token `)'
/bin/sh: BASH_FUNC_module(): line 0: `BASH_FUNC_module() () {  eval `/usr/bin/modulecmd bash $*`'
/bin/sh: error importing function definition for `BASH_FUNC_module'
[noeud018:00812] *** Process received signal ***
[noeud018:00812] Signal: Bus error (7)
[noeud018:00812] Signal code:  (128)
[noeud018:00812] Failing at address: (nil)
[noeud018:00812] [ 0] /lib64/libpthread.so.0 [0x2ac77d613b10]
[noeud018:00812] [ 1] /opt/openmpi/1.4.3-icc/lib/libopen-pal.so.0(opal_memory_ptmalloc2_int_malloc+0x802) [0x2ac77cb24e82]
[noeud018:00812] [ 2] /opt/openmpi/1.4.3-icc/lib/libopen-pal.so.0 [0x2ac77cb23785]
[noeud018:00812] [ 3] /lib64/libc.so.6(ttyname+0x125) [0x2ac77d8e7635]
[noeud018:00812] [ 4] burger(for__open_proc+0x283c) [0x43a5fc]
[noeud018:00812] [ 5] burger(for__open_default+0x2be) [0x4195ee]
[noeud018:00812] [ 6] burger(for_write_seq_lis+0x1d85) [0x42bb15]
[noeud018:00812] [ 7] burger(MAIN__+0x6e4) [0x407fe4]
[noeud018:00812] [ 8] burger(main+0x3c) [0x4078ec]
[noeud018:00812] [ 9] /lib64/libc.so.6(__libc_start_main+0xf4) [0x2ac77d83d994]
[noeud018:00812] [10] burger [0x4077f9]
[noeud018:00812] *** End of error message ***
--------------------------------------------------------------------------
mpirun noticed that process rank 0 with PID 812 on node noeud018 exited on signal 7 (Bus error).
--------------------------------------------------------------------------
