/bin/sh: BASH_FUNC_module(): line 0: syntax error near unexpected token `)'
/bin/sh: BASH_FUNC_module(): line 0: `BASH_FUNC_module() () {  eval `/usr/bin/modulecmd bash $*`'
/bin/sh: error importing function definition for `BASH_FUNC_module'
           3
           1
           2
           0
           2
           0
           3
           1
           3
           1
           2
           0
           2
           1
           0
           3
           2
           1
           3
           0
           0
           1
           2
           3
           0
           1
           3
           2
           0
           1
           2
           3
           2
           0
           3
           1
           0
           3
           1
           2

real	0m45.285s
user	2m58.935s
sys	0m1.304s
